<?xml version="1.0" encoding="UTF-8"?>
<!-- Generated by org.testng.reporters.JUnitXMLReporter -->
<testsuite ignored="0" hostname="DESKTOP-5H7VECH" failures="0" tests="6" name="Command line test" time="0.133" errors="0" timestamp="2022-08-16T13:05:49 IST">
  <testcase classname="MavenTuts.MavenJava.AppiumTest" name="IOSApp" time="0.009"/>
  <testcase classname="MavenTuts.MavenJava.AppiumTest" name="nativeApp" time="0.0"/>
  <testcase classname="MavenTuts.MavenJava.RsetAPITest" name="deleteTwitter" time="0.001"/>
  <testcase classname="MavenTuts.MavenJava.RsetAPITest" name="postJIRA" time="0.0"/>
  <testcase classname="MavenTuts.MavenJava.SeleniumTest" name="AppAutomation" time="0.001"/>
  <testcase classname="MavenTuts.MavenJava.SeleniumTest" name="browserAutomation" time="0.002"/>
</testsuite> <!-- Command line test -->
