<?xml version="1.0" encoding="UTF-8"?>
<!-- Generated by org.testng.reporters.JUnitXMLReporter -->
<testsuite ignored="0" hostname="DESKTOP-5H7VECH" failures="0" tests="4" name="Test" time="0.116" errors="0" timestamp="2022-08-16T13:09:37 IST">
  <testcase classname="MavenTuts.MavenJava.AppiumTest" name="IOSApp" time="0.009"/>
  <testcase classname="MavenTuts.MavenJava.AppiumTest" name="nativeApp" time="0.002"/>
  <testcase classname="MavenTuts.MavenJava.SeleniumTest" name="AppAutomation" time="0.001"/>
  <testcase classname="MavenTuts.MavenJava.SeleniumTest" name="browserAutomation" time="0.001"/>
</testsuite> <!-- Test -->
