<?xml version="1.0" encoding="UTF-8"?>
<testng-results ignored="0" total="4" passed="4" failed="0" skipped="0">
  <reporter-output>
  </reporter-output>
  <suite started-at="2022-08-16T13:09:37 IST" name="Suite" finished-at="2022-08-16T13:09:37 IST" duration-ms="116">
    <groups>
    </groups>
    <test started-at="2022-08-16T13:09:37 IST" name="Test" finished-at="2022-08-16T13:09:37 IST" duration-ms="116">
      <class name="MavenTuts.MavenJava.SeleniumTest">
        <test-method signature="AppAutomation()[pri:0, instance:MavenTuts.MavenJava.SeleniumTest@32b260fa]" started-at="2022-08-16T13:09:37 IST" name="AppAutomation" finished-at="2022-08-16T13:09:37 IST" duration-ms="1" status="PASS">
          <reporter-output>
          </reporter-output>
        </test-method> <!-- AppAutomation -->
        <test-method signature="browserAutomation()[pri:0, instance:MavenTuts.MavenJava.SeleniumTest@32b260fa]" started-at="2022-08-16T13:09:37 IST" name="browserAutomation" finished-at="2022-08-16T13:09:37 IST" duration-ms="1" status="PASS">
          <reporter-output>
          </reporter-output>
        </test-method> <!-- browserAutomation -->
      </class> <!-- MavenTuts.MavenJava.SeleniumTest -->
      <class name="MavenTuts.MavenJava.AppiumTest">
        <test-method signature="IOSApp()[pri:0, instance:MavenTuts.MavenJava.AppiumTest@2053d869]" started-at="2022-08-16T13:09:37 IST" name="IOSApp" finished-at="2022-08-16T13:09:37 IST" duration-ms="9" status="PASS">
          <reporter-output>
          </reporter-output>
        </test-method> <!-- IOSApp -->
        <test-method signature="nativeApp()[pri:0, instance:MavenTuts.MavenJava.AppiumTest@2053d869]" started-at="2022-08-16T13:09:37 IST" name="nativeApp" finished-at="2022-08-16T13:09:37 IST" duration-ms="2" status="PASS">
          <reporter-output>
          </reporter-output>
        </test-method> <!-- nativeApp -->
      </class> <!-- MavenTuts.MavenJava.AppiumTest -->
    </test> <!-- Test -->
  </suite> <!-- Suite -->
</testng-results>
