<?xml version="1.0" encoding="UTF-8"?>
<testsuite xmlns:xsi="http://www.w3.org/2001/XMLSchema-instance" xsi:noNamespaceSchemaLocation="https://maven.apache.org/surefire/maven-surefire-plugin/xsd/surefire-test-report-3.0.xsd" version="3.0" name="TestSuite" time="1.181" tests="4" errors="0" skipped="0" failures="0">
  <properties>
[...]
</properties>
  <testcase name="IOSApp" classname="MavenTuts.MavenJava.AppiumTest" time="0.013">
    <system-out><![CDATA[IOSApp
]]></system-out>
    <system-err><![CDATA[SLF4J: Failed to load class "org.slf4j.impl.StaticLoggerBinder".
SLF4J: Defaulting to no-operation (NOP) logger implementation
SLF4J: See http://www.slf4j.org/codes.html#StaticLoggerBinder for further details.
]]></system-err>
  </testcase>
  <testcase name="nativeApp" classname="MavenTuts.MavenJava.AppiumTest" time="0.001">
    <system-out><![CDATA[nativeApp
]]></system-out>
  </testcase>
  <testcase name="AppAutomation" classname="MavenTuts.MavenJava.SeleniumTest" time="0.003">
    <system-out><![CDATA[To automate Application
]]></system-out>
  </testcase>
  <testcase name="browserAutomation" classname="MavenTuts.MavenJava.SeleniumTest" time="0.003">
    <system-out><![CDATA[To automate browser
]]></system-out>
  </testcase>
</testsuite>