<?xml version="1.0" encoding="UTF-8"?>
<testng-results ignored="0" total="2" passed="2" failed="0" skipped="0">
  <reporter-output>
  </reporter-output>
  <suite started-at="2022-08-11T20:24:34 IST" name="Default suite" finished-at="2022-08-11T20:24:34 IST" duration-ms="102">
    <groups>
    </groups>
    <test started-at="2022-08-11T20:24:34 IST" name="Default test" finished-at="2022-08-11T20:24:34 IST" duration-ms="102">
      <class name="MavenTuts.MavenJava.AppiumTest">
        <test-method signature="IOSApp()[pri:0, instance:MavenTuts.MavenJava.AppiumTest@29d89d5d]" started-at="2022-08-11T20:24:34 IST" name="IOSApp" finished-at="2022-08-11T20:24:34 IST" duration-ms="16" status="PASS">
          <reporter-output>
          </reporter-output>
        </test-method> <!-- IOSApp -->
        <test-method signature="nativeApp()[pri:0, instance:MavenTuts.MavenJava.AppiumTest@29d89d5d]" started-at="2022-08-11T20:24:34 IST" name="nativeApp" finished-at="2022-08-11T20:24:34 IST" duration-ms="5" status="PASS">
          <reporter-output>
          </reporter-output>
        </test-method> <!-- nativeApp -->
      </class> <!-- MavenTuts.MavenJava.AppiumTest -->
    </test> <!-- Default test -->
  </suite> <!-- Default suite -->
</testng-results>
